<?xml version="1.0" encoding="UTF-8" ?>
<testsuites>
  <testsuite errors="0" failures="0" hostname="Prakash-PC" id="0" name="SimpleTest" package="com.example.simple" skipped="0" tests="3" time="0.024" timestamp="2018-03-07T07:27:35">
      <properties>
[...]
</properties>

      <testcase classname="com.example.simple.SimpleTest" name="testSum" time="0.006" />

      <testcase classname="com.example.simple.SimpleTest" name="testF" time="0.003" />

      <testcase classname="com.example.simple.SimpleTest" name="testSquare" time="0.0" />

      <system-out><![CDATA[12:57:35,178 |-INFO in ch.qos.logback.classic.LoggerContext[default] - Could NOT find resource [logback.groovy]
12:57:35,178 |-INFO in ch.qos.logback.classic.LoggerContext[default] - Could NOT find resource [logback-test.xml]
12:57:35,178 |-INFO in ch.qos.logback.classic.LoggerContext[default] - Found resource [logback.xml] at [jar:file:/D:/cobertura-2.1.1/cobertura-2.1.1-sources.jar!/logback.xml]
12:57:35,179 |-WARN in ch.qos.logback.classic.LoggerContext[default] - Resource [logback.xml] occurs multiple times on the classpath.
12:57:35,180 |-WARN in ch.qos.logback.classic.LoggerContext[default] - Resource [logback.xml] occurs at [jar:file:/D:/cobertura-2.1.1/cobertura-2.1.1.jar!/logback.xml]
12:57:35,180 |-WARN in ch.qos.logback.classic.LoggerContext[default] - Resource [logback.xml] occurs at [jar:file:/D:/cobertura-2.1.1/cobertura-2.1.1-sources.jar!/logback.xml]
12:57:35,198 |-INFO in ch.qos.logback.core.joran.spi.ConfigurationWatchList@3f0ee7cb - URL [jar:file:/D:/cobertura-2.1.1/cobertura-2.1.1-sources.jar!/logback.xml] is not of type file
12:57:35,263 |-INFO in ch.qos.logback.classic.joran.action.ConfigurationAction - debug attribute not set
12:57:35,280 |-INFO in ch.qos.logback.core.joran.action.AppenderAction - About to instantiate appender of type [ch.qos.logback.core.ConsoleAppender]
12:57:35,291 |-INFO in ch.qos.logback.core.joran.action.AppenderAction - Naming appender as [STDOUT]
12:57:35,327 |-INFO in ch.qos.logback.core.joran.action.NestedComplexPropertyIA - Assuming default type [ch.qos.logback.classic.encoder.PatternLayoutEncoder] for [encoder] property
12:57:35,383 |-INFO in ch.qos.logback.classic.joran.action.LoggerAction - Setting level of logger [net.sourceforge.cobertura] to INFO
12:57:35,383 |-INFO in ch.qos.logback.classic.joran.action.RootLoggerAction - Setting level of ROOT logger to DEBUG
12:57:35,383 |-INFO in ch.qos.logback.core.joran.action.AppenderRefAction - Attaching appender named [STDOUT] to Logger[ROOT]
12:57:35,384 |-INFO in ch.qos.logback.classic.joran.action.ConfigurationAction - End of configuration.
12:57:35,385 |-INFO in ch.qos.logback.classic.joran.JoranConfigurator@75bd9247 - Registering current configuration as safe fallback point

[DEBUG] value: 3
[DEBUG] value: 5
[DEBUG] value: 8
[DEBUG] result: 16
[DEBUG] x: -1
[DEBUG] negative x
[DEBUG] x: -1
[DEBUG] result: 1
[DEBUG] x: 6
[DEBUG] x: 1
[DEBUG] result: 1
[DEBUG] x: -1
[DEBUG] result: 1
]]></system-out>

      <system-err><![CDATA[]]></system-err>

  </testsuite>
</testsuites>
